[debug] > Exec(test, None, None)
[debug] Evaluating tasks: Test / test
[debug] Running task... Cancel: Signal, check cycles: false, forcegc: true
[info] compiling 5 Scala sources to D:\tfm\Context_broker\target\scala-2.13\classes ...
[info] Non-compiled module 'compiler-bridge_2.13' for Scala 2.13.4. Compiling...
[info]   Compilation completed in 7.967s.
[warn] 3 deprecations (since 2.13.0)
[warn] 1 deprecation (since 2.13.3)
[warn] 4 deprecations in total; re-run with -deprecation for details
[warn] three warnings found
[info] done compiling
[info] compiling 1 Scala source to D:\tfm\Context_broker\target\scala-2.13\test-classes ...
[info] done compiling
[info] DeviceSpec:
[info] Device actor
[info] - must reply with empty reading if no temperature is known
[info] - reply with latest temperature reading
[info] Run completed in 1 second, 9 milliseconds.
[info] Total number of tests run: 2
[info] Suites: completed 1, aborted 0
[info] Tests: succeeded 2, failed 0, canceled 0, ignored 0, pending 0
[info] All tests passed.
[success] Total time: 12 s, completed 13-feb-2021 17:49:05
[debug] > Exec(idea-shell, None, None)
